0 info it worked if it ends with ok
1 verbose cli [ 'C:\\Program Files\\nodejs\\node.exe',
1 verbose cli   'C:\\Program Files\\nodejs\\node_modules\\npm\\bin\\npm-cli.js',
1 verbose cli   'install',
1 verbose cli   '-',
1 verbose cli   'g',
1 verbose cli   'bower' ]
2 info using npm@2.11.3
3 info using node@v0.12.7
4 verbose install initial load of C:\xampp\htdocs\usc\package.json
5 verbose readDependencies loading dependencies from C:\xampp\htdocs\usc\package.json
6 silly cache add args [ '-', null ]
7 verbose cache add spec -
8 silly cache add args [ 'g', null ]
9 verbose cache add spec g
10 silly cache add args [ 'bower', null ]
11 verbose cache add spec bower
12 silly cache add parsed spec { raw: '-',
12 silly cache add   scope: null,
12 silly cache add   name: null,
12 silly cache add   rawSpec: '-',
12 silly cache add   spec: 'C:\\xampp\\htdocs\\usc\\-',
12 silly cache add   type: 'local' }
13 silly cache add parsed spec { raw: 'g',
13 silly cache add   scope: null,
13 silly cache add   name: 'g',
13 silly cache add   rawSpec: '',
13 silly cache add   spec: '*',
13 silly cache add   type: 'range' }
14 silly addNamed g@*
15 verbose addNamed "*" is a valid semver range for g
16 silly addNameRange { name: 'g', range: '*', hasData: false }
17 silly mapToRegistry name g
18 silly mapToRegistry using default registry
19 silly mapToRegistry registry https://registry.npmjs.org/
20 silly mapToRegistry uri https://registry.npmjs.org/g
21 verbose addNameRange registry:https://registry.npmjs.org/g not in flight; fetching
22 silly cache add parsed spec { raw: 'bower',
22 silly cache add   scope: null,
22 silly cache add   name: 'bower',
22 silly cache add   rawSpec: '',
22 silly cache add   spec: '*',
22 silly cache add   type: 'range' }
23 silly addNamed bower@*
24 verbose addNamed "*" is a valid semver range for bower
25 silly addNameRange { name: 'bower', range: '*', hasData: false }
26 silly mapToRegistry name bower
27 silly mapToRegistry using default registry
28 silly mapToRegistry registry https://registry.npmjs.org/
29 silly mapToRegistry uri https://registry.npmjs.org/bower
30 verbose addNameRange registry:https://registry.npmjs.org/bower not in flight; fetching
31 error addLocal Could not install C:\xampp\htdocs\usc\-
32 verbose request uri https://registry.npmjs.org/g
33 verbose request no auth needed
34 info attempt registry request try #1 at 10:57:58 AM
35 verbose request id 2ccea8b9eef60abc
36 http request GET https://registry.npmjs.org/g
37 verbose request uri https://registry.npmjs.org/bower
38 verbose request no auth needed
39 info attempt registry request try #1 at 10:57:58 AM
40 http request GET https://registry.npmjs.org/bower
41 http 200 https://registry.npmjs.org/g
42 silly get cb [ 200,
42 silly get   { server: 'CouchDB/1.5.0 (Erlang OTP/R16B03)',
42 silly get     etag: '"8AYIUDSUHLGXZT7X52XKA2O0S"',
42 silly get     'content-type': 'application/json',
42 silly get     'cache-control': 'max-age=300',
42 silly get     'content-length': '6821',
42 silly get     'accept-ranges': 'bytes',
42 silly get     date: 'Fri, 13 May 2016 02:58:37 GMT',
42 silly get     via: '1.1 varnish',
42 silly get     age: '0',
42 silly get     connection: 'keep-alive',
42 silly get     'x-served-by': 'cache-sjc3123-SJC',
42 silly get     'x-cache': 'MISS',
42 silly get     'x-cache-hits': '0',
42 silly get     'x-timer': 'S1463108317.695559,VS0,VE33',
42 silly get     vary: 'Accept-Encoding' } ]
43 verbose get saving g to C:\Users\Rock Well\AppData\Roaming\npm-cache\registry.npmjs.org\g\.cache.json
44 silly addNameRange number 2 { name: 'g', range: '*', hasData: true }
45 silly addNameRange versions [ 'g',
45 silly addNameRange   [ '1.0.0', '1.0.1', '1.0.2', '1.0.3', '1.0.4', '1.0.5', '2.0.0' ] ]
46 silly addNamed g@2.0.0
47 verbose addNamed "2.0.0" is a plain semver version for g
48 silly mapToRegistry name g
49 silly mapToRegistry using default registry
50 silly mapToRegistry registry https://registry.npmjs.org/
51 silly mapToRegistry uri https://registry.npmjs.org/g
52 verbose addRemoteTarball https://registry.npmjs.org/g/-/g-2.0.0.tgz not in flight; adding
53 verbose addRemoteTarball [ 'https://registry.npmjs.org/g/-/g-2.0.0.tgz',
53 verbose addRemoteTarball   '7a77ca0d66b65b206ce1d362428b4b8ee6b3a420' ]
54 info retry fetch attempt 1 at 10:58:00 AM
55 info attempt registry request try #1 at 10:58:00 AM
56 http fetch GET https://registry.npmjs.org/g/-/g-2.0.0.tgz
57 http fetch 200 https://registry.npmjs.org/g/-/g-2.0.0.tgz
58 silly fetchAndShaCheck shasum 7a77ca0d66b65b206ce1d362428b4b8ee6b3a420
59 verbose addTmpTarball C:\Users\ROCKWE~1\AppData\Local\Temp\npm-2976-afc87119\registry.npmjs.org\g\-\g-2.0.0.tgz not in flight; adding
60 verbose addTmpTarball already have metadata; skipping unpack for g@2.0.0
61 silly cache afterAdd g@2.0.0
62 verbose afterAdd C:\Users\Rock Well\AppData\Roaming\npm-cache\g\2.0.0\package\package.json not in flight; writing
63 verbose afterAdd C:\Users\Rock Well\AppData\Roaming\npm-cache\g\2.0.0\package\package.json written
64 http 200 https://registry.npmjs.org/bower
65 silly get cb [ 200,
65 silly get   { server: 'CouchDB/1.5.0 (Erlang OTP/R16B03)',
65 silly get     etag: '"DIQD8JQ19KYSO63JXFPBKR83D"',
65 silly get     'content-type': 'application/json',
65 silly get     'cache-control': 'max-age=300',
65 silly get     'content-length': '172511',
65 silly get     'accept-ranges': 'bytes',
65 silly get     date: 'Fri, 13 May 2016 02:58:37 GMT',
65 silly get     via: '1.1 varnish',
65 silly get     age: '43',
65 silly get     connection: 'keep-alive',
65 silly get     'x-served-by': 'cache-sjc3120-SJC',
65 silly get     'x-cache': 'HIT',
65 silly get     'x-cache-hits': '2',
65 silly get     'x-timer': 'S1463108317.703042,VS0,VE0',
65 silly get     vary: 'Accept-Encoding' } ]
66 verbose get saving bower to C:\Users\Rock Well\AppData\Roaming\npm-cache\registry.npmjs.org\bower\.cache.json
67 silly addNameRange number 2 { name: 'bower', range: '*', hasData: true }
68 silly addNameRange versions [ 'bower',
68 silly addNameRange   [ '0.1.0',
68 silly addNameRange     '0.1.2',
68 silly addNameRange     '0.1.3',
68 silly addNameRange     '0.2.0',
68 silly addNameRange     '0.3.0',
68 silly addNameRange     '0.3.1',
68 silly addNameRange     '0.3.2',
68 silly addNameRange     '0.4.0',
68 silly addNameRange     '0.5.0',
68 silly addNameRange     '0.5.1',
68 silly addNameRange     '0.6.0',
68 silly addNameRange     '0.6.1',
68 silly addNameRange     '0.6.2',
68 silly addNameRange     '0.6.3',
68 silly addNameRange     '0.6.4',
68 silly addNameRange     '0.6.5',
68 silly addNameRange     '0.6.6',
68 silly addNameRange     '0.6.7',
68 silly addNameRange     '0.6.8',
68 silly addNameRange     '0.7.0',
68 silly addNameRange     '0.7.1',
68 silly addNameRange     '0.8.0',
68 silly addNameRange     '0.8.1',
68 silly addNameRange     '0.8.2',
68 silly addNameRange     '0.8.3',
68 silly addNameRange     '0.8.4',
68 silly addNameRange     '0.8.5',
68 silly addNameRange     '0.8.6',
68 silly addNameRange     '0.9.0',
68 silly addNameRange     '0.9.1',
68 silly addNameRange     '0.9.2',
68 silly addNameRange     '0.10.0',
68 silly addNameRange     '1.0.0',
68 silly addNameRange     '1.0.1',
68 silly addNameRange     '1.0.2',
68 silly addNameRange     '1.0.3',
68 silly addNameRange     '1.1.0',
68 silly addNameRange     '1.1.1',
68 silly addNameRange     '1.1.2',
68 silly addNameRange     '1.2.0',
68 silly addNameRange     '1.2.1',
68 silly addNameRange     '1.2.2',
68 silly addNameRange     '1.2.3',
68 silly addNameRange     '1.2.4',
68 silly addNameRange     '1.2.5',
68 silly addNameRange     '1.2.6',
68 silly addNameRange     '1.2.7',
68 silly addNameRange     '1.2.8',
68 silly addNameRange     '1.3.0',
68 silly addNameRange     '1.3.1',
68 silly addNameRange     '1.3.2',
68 silly addNameRange     '1.3.3',
68 silly addNameRange     '1.3.4',
68 silly addNameRange     '1.3.5',
68 silly addNameRange     '1.3.6',
68 silly addNameRange     '1.3.7',
68 silly addNameRange     '1.3.8',
68 silly addNameRange     '1.3.9',
68 silly addNameRange     '1.3.10',
68 silly addNameRange     '1.3.11',
68 silly addNameRange     '1.3.12',
68 silly addNameRange     '1.4.0',
68 silly addNameRange     '1.4.1',
68 silly addNameRange     '1.5.0',
68 silly addNameRange     '1.5.1',
68 silly addNameRange     '1.5.2',
68 silly addNameRange     '1.5.3',
68 silly addNameRange     '1.6.2',
68 silly addNameRange     '1.6.3',
68 silly addNameRange     '1.6.4',
68 silly addNameRange     '1.6.5',
68 silly addNameRange     '1.5.4',
68 silly addNameRange     '1.4.2',
68 silly addNameRange     '1.6.6',
68 silly addNameRange     '1.6.7',
68 silly addNameRange     '1.6.8',
68 silly addNameRange     '1.6.9',
68 silly addNameRange     '1.7.0',
68 silly addNameRange     '1.7.1',
68 silly addNameRange     '1.7.2',
68 silly addNameRange     '1.7.5',
68 silly addNameRange     '1.7.6',
68 silly addNameRange     '1.7.7',
68 silly addNameRange     '1.7.8',
68 silly addNameRange     '1.7.9' ] ]
69 silly addNamed bower@1.7.9
70 verbose addNamed "1.7.9" is a plain semver version for bower
71 silly mapToRegistry name bower
72 silly mapToRegistry using default registry
73 silly mapToRegistry registry https://registry.npmjs.org/
74 silly mapToRegistry uri https://registry.npmjs.org/bower
75 verbose addRemoteTarball https://registry.npmjs.org/bower/-/bower-1.7.9.tgz not in flight; adding
76 verbose addRemoteTarball [ 'https://registry.npmjs.org/bower/-/bower-1.7.9.tgz',
76 verbose addRemoteTarball   'b7296c2393e0d75edaa6ca39648132dd255812b0' ]
77 info retry fetch attempt 1 at 10:58:01 AM
78 info attempt registry request try #1 at 10:58:01 AM
79 http fetch GET https://registry.npmjs.org/bower/-/bower-1.7.9.tgz
80 http fetch 200 https://registry.npmjs.org/bower/-/bower-1.7.9.tgz
81 silly fetchAndShaCheck shasum b7296c2393e0d75edaa6ca39648132dd255812b0
82 verbose addTmpTarball C:\Users\ROCKWE~1\AppData\Local\Temp\npm-2976-afc87119\registry.npmjs.org\bower\-\bower-1.7.9.tgz not in flight; adding
83 verbose addTmpTarball already have metadata; skipping unpack for bower@1.7.9
84 silly cache afterAdd bower@1.7.9
85 verbose afterAdd C:\Users\Rock Well\AppData\Roaming\npm-cache\bower\1.7.9\package\package.json not in flight; writing
86 verbose afterAdd C:\Users\Rock Well\AppData\Roaming\npm-cache\bower\1.7.9\package\package.json written
87 verbose stack Error: ENOENT, open 'C:\xampp\htdocs\usc\-'
87 verbose stack     at Error (native)
88 verbose cwd C:\xampp\htdocs\usc
89 error Windows_NT 6.3.9600
90 error argv "C:\\Program Files\\nodejs\\node.exe" "C:\\Program Files\\nodejs\\node_modules\\npm\\bin\\npm-cli.js" "install" "-" "g" "bower"
91 error node v0.12.7
92 error npm  v2.11.3
93 error path C:\xampp\htdocs\usc\-
94 error code ENOENT
95 error errno -4058
96 error enoent ENOENT, open 'C:\xampp\htdocs\usc\-'
96 error enoent This is most likely not a problem with npm itself
96 error enoent and is related to npm not being able to find a file.
97 verbose exit [ -4058, true ]
